<?xml version="1.0" encoding="UTF-8"?>
<!-- Generated by org.testng.reporters.JUnitReportReporter -->
<testsuite hostname="DESKTOP-89VL9CH" failures="0" tests="1" name="merchantLogin.merchantLoginFirefox" time="6.114" errors="0" timestamp="2021-11-05T16:45:12 MYT" skipped="0">
  <testcase classname="merchantLogin.merchantLoginFirefox" name="verfiedFirefoxLogin" time="6.114"/>
  <system-out/>
</testsuite> <!-- merchantLogin.merchantLoginFirefox -->
